[debug] [2018-10-22T18:23:12.947Z] ----------------------------------------------------------------------
[debug] [2018-10-22T18:23:12.954Z] Command:       C:\Program Files\nodejs\node.exe C:\Users\vino\AppData\Roaming\npm\node_modules\firebase-tools\bin\firebase serve --only functions
[debug] [2018-10-22T18:23:12.955Z] CLI Version:   5.1.1
[debug] [2018-10-22T18:23:12.955Z] Platform:      win32
[debug] [2018-10-22T18:23:12.955Z] Node Version:  v8.12.0
[debug] [2018-10-22T18:23:12.956Z] Time:          Mon Oct 22 2018 23:53:12 GMT+0530 (India Standard Time)
[debug] [2018-10-22T18:23:12.957Z] ----------------------------------------------------------------------
[debug] 
[debug] [2018-10-22T18:23:12.990Z] > command requires scopes: ["email","openid","https://www.googleapis.com/auth/cloudplatformprojects.readonly","https://www.googleapis.com/auth/firebase","https://www.googleapis.com/auth/cloud-platform"]
[debug] [2018-10-22T18:23:12.991Z] > authorizing via signed-in user
[debug] [2018-10-22T18:23:12.992Z] [iam] checking project chartreportx for permissions ["firebase.projects.get"]
[debug] [2018-10-22T18:23:13.000Z] >>> HTTP REQUEST POST https://cloudresourcemanager.googleapis.com/v1/projects/chartreportx:testIamPermissions  

[debug] [2018-10-22T18:23:15.122Z] <<< HTTP RESPONSE 200
[debug] [2018-10-22T18:23:15.127Z] >>> HTTP REQUEST GET https://cloudresourcemanager.googleapis.com/v1/projects/chartreportx  
 
[debug] [2018-10-22T18:23:17.203Z] <<< HTTP RESPONSE 200
[info] 
[info] === Serving from 'E:\vinod\profession\learn\100DaysCodeChallenge\ChartReport\chartreport'...
[info] 
[info] i  functions: Preparing to emulate functions.
[debug] [2018-10-22T18:23:20.822Z] Fetching environment
[debug] [2018-10-22T18:23:20.843Z] >>> HTTP REQUEST GET https://mobilesdk-pa.googleapis.com/v1/projects/399368380881:getServerAppConfig  
 
[debug] [2018-10-22T18:23:22.115Z] <<< HTTP RESPONSE 200
[debug] [2018-10-22T18:23:22.116Z] Starting @google-cloud/functions-emulator
[debug] [2018-10-22T18:23:28.412Z] Parsing function triggers
[info] +  functions: chartreportapi: http://localhost:5000/chartreportx/us-central1/chartreportapi
