[debug] [2018-10-22T16:11:02.887Z] ----------------------------------------------------------------------
[debug] [2018-10-22T16:11:02.893Z] Command:       C:\Program Files\nodejs\node.exe C:\Users\vino\AppData\Roaming\npm\node_modules\firebase-tools\bin\firebase init
[debug] [2018-10-22T16:11:02.894Z] CLI Version:   5.1.1
[debug] [2018-10-22T16:11:02.894Z] Platform:      win32
[debug] [2018-10-22T16:11:02.894Z] Node Version:  v8.12.0
[debug] [2018-10-22T16:11:02.895Z] Time:          Mon Oct 22 2018 21:41:02 GMT+0530 (India Standard Time)
[debug] [2018-10-22T16:11:02.895Z] ----------------------------------------------------------------------
[debug] 
[debug] [2018-10-22T16:11:02.922Z] > command requires scopes: ["email","openid","https://www.googleapis.com/auth/cloudplatformprojects.readonly","https://www.googleapis.com/auth/firebase","https://www.googleapis.com/auth/cloud-platform"]
[debug] [2018-10-22T16:11:02.923Z] > authorizing via signed-in user
[info] 
     ######## #### ########  ######## ########     ###     ######  ########
     ##        ##  ##     ## ##       ##     ##  ##   ##  ##       ##
     ######    ##  ########  ######   ########  #########  ######  ######
     ##        ##  ##    ##  ##       ##     ## ##     ##       ## ##
     ##       #### ##     ## ######## ########  ##     ##  ######  ########

You're about to initialize a Firebase project in this directory:

  E:\vinod\profession\learn\100DaysCodeChallenge\ChartReport\chartreport

Before we get started, keep in mind:

  * You are initializing in an existing Firebase project directory

[info] 
=== Project Setup
[info] 
[info] First, let's associate this project directory with a Firebase project.
[info] You can create multiple project aliases by running firebase use --add, 
[info] but for now we'll just set up a default project.
[info] 
[info] i  .firebaserc already has a default project, skipping
[info] 
=== Functions Setup
[info] 
[info] A functions directory will be created in your project with a Node.js
[info] package pre-configured. Functions can be deployed with firebase deploy.
[info] 
[debug] [2018-10-22T16:11:09.836Z] > command requires scopes: ["email","openid","https://www.googleapis.com/auth/cloudplatformprojects.readonly","https://www.googleapis.com/auth/firebase","https://www.googleapis.com/auth/cloud-platform"]
[debug] [2018-10-22T16:11:09.838Z] > authorizing via signed-in user
[debug] [2018-10-22T16:11:09.844Z] >>> HTTP REQUEST GET https://firebase.googleapis.com/v1beta1/projects/chartreportx  
 
[debug] [2018-10-22T16:11:11.153Z] <<< HTTP RESPONSE 200
[debug] [2018-10-22T16:11:11.161Z] >>> HTTP REQUEST PATCH https://servicemanagement.googleapis.com/v1/services/cloudfunctions.googleapis.com/projectSettings/chartreportx?updateMask=usageSettings  

[debug] [2018-10-22T16:11:11.164Z] >>> HTTP REQUEST PATCH https://servicemanagement.googleapis.com/v1/services/runtimeconfig.googleapis.com/projectSettings/chartreportx?updateMask=usageSettings  

[debug] [2018-10-22T16:11:14.678Z] <<< HTTP RESPONSE 200
[debug] [2018-10-22T16:11:14.680Z] <<< HTTP RESPONSE 200
[info] +  Wrote functions/package.json
[info] +  Wrote functions/tslint.json
[info] +  Wrote functions/tsconfig.json
[info] +  Wrote functions/src/index.ts
[info] +  Wrote functions/.gitignore
